Info: Starting: Create block symbol file (.bsf)
Info: qsys-generate /home/samink/Desktop/newffff/lab2.181/mysystem.qsys --block-symbol-file --output-directory=/home/samink/Desktop/newffff/lab2.181/mysystem --family="Cyclone V" --part=5CSEMA5F31C6
Progress: Loading lab2.181/mysystem.qsys
Progress: Reading input file
Progress: Adding SDRAM [altera_avalon_new_sdram_controller 15.0]
Progress: Parameterizing module SDRAM
Progress: Adding hps_0 [altera_hps 15.0]
Progress: Parameterizing module hps_0
Progress: Adding jtag_uart_0 [altera_avalon_jtag_uart 15.0]
Progress: Parameterizing module jtag_uart_0
Progress: Adding onchip_memory2_0 [altera_avalon_onchip_memory2 15.0]
Progress: Parameterizing module onchip_memory2_0
Progress: Adding pushbutton [altera_avalon_pio 15.0]
Progress: Parameterizing module pushbutton
Progress: Adding reg32_avalon_interface_0 [reg32_avalon_interface 1.0]
Progress: Parameterizing module reg32_avalon_interface_0
Progress: Adding sys_sdram_pll_0 [altera_up_avalon_sys_sdram_pll 15.0]
Progress: Parameterizing module sys_sdram_pll_0
Progress: Building connections
Progress: Parameterizing connections
Progress: Validating
Progress: Done reading input file
Info: mysystem.hps_0: HPS Main PLL counter settings: n = 0  m = 73
Info: mysystem.hps_0: HPS peripherial PLL counter settings: n = 0  m = 39
Warning: mysystem.hps_0: "Configuration/HPS-to-FPGA user 0 clock frequency" (desired_cfg_clk_mhz) requested 100.0 MHz, but only achieved 97.368421 MHz
Warning: mysystem.hps_0: 1 or more output clock frequencies cannot be achieved precisely, consider revising desired output clock frequencies.
Warning: mysystem.hps_0: set_interface_assignment: Interface "hps_io" does not exist
Info: ip-generate succeeded.
Info: Finished: Create block symbol file (.bsf)
Info: 
Info: Starting: Create HDL design files for synthesis
Info: qsys-generate /home/samink/Desktop/newffff/lab2.181/mysystem.qsys --synthesis=VERILOG --output-directory=/home/samink/Desktop/newffff/lab2.181/mysystem/synthesis --family="Cyclone V" --part=5CSEMA5F31C6
Progress: Loading lab2.181/mysystem.qsys
Progress: Reading input file
Progress: Adding SDRAM [altera_avalon_new_sdram_controller 15.0]
Progress: Parameterizing module SDRAM
Progress: Adding hps_0 [altera_hps 15.0]
Progress: Parameterizing module hps_0
Progress: Adding jtag_uart_0 [altera_avalon_jtag_uart 15.0]
Progress: Parameterizing module jtag_uart_0
Progress: Adding onchip_memory2_0 [altera_avalon_onchip_memory2 15.0]
Progress: Parameterizing module onchip_memory2_0
Progress: Adding pushbutton [altera_avalon_pio 15.0]
Progress: Parameterizing module pushbutton
Progress: Adding reg32_avalon_interface_0 [reg32_avalon_interface 1.0]
Progress: Parameterizing module reg32_avalon_interface_0
Progress: Adding sys_sdram_pll_0 [altera_up_avalon_sys_sdram_pll 15.0]
Progress: Parameterizing module sys_sdram_pll_0
Progress: Building connections
Progress: Parameterizing connections
Progress: Validating
Progress: Done reading input file
Info: mysystem.hps_0: HPS Main PLL counter settings: n = 0  m = 73
Info: mysystem.hps_0: HPS peripherial PLL counter settings: n = 0  m = 39
Warning: mysystem.hps_0: "Configuration/HPS-to-FPGA user 0 clock frequency" (desired_cfg_clk_mhz) requested 100.0 MHz, but only achieved 97.368421 MHz
Warning: mysystem.hps_0: 1 or more output clock frequencies cannot be achieved precisely, consider revising desired output clock frequencies.
Warning: mysystem.hps_0: set_interface_assignment: Interface "hps_io" does not exist
Info: mysystem: Generating mysystem "mysystem" for QUARTUS_SYNTH
Warning: hps_0.f2h_irq0: Cannot connect clock for irq_mapper.sender
Warning: hps_0.f2h_irq0: Cannot connect reset for irq_mapper.sender
Warning: hps_0.f2h_irq1: Cannot connect clock for irq_mapper_001.sender
Warning: hps_0.f2h_irq1: Cannot connect reset for irq_mapper_001.sender
Info: SDRAM: Starting RTL generation for module 'mysystem_SDRAM'
Info: SDRAM:   Generation command is [exec /apps/Altera/15.0/quartus/linux64/perl/bin/perl -I /apps/Altera/15.0/quartus/linux64/perl/lib -I /apps/Altera/15.0/quartus/sopc_builder/bin/europa -I /apps/Altera/15.0/quartus/sopc_builder/bin/perl_lib -I /apps/Altera/15.0/quartus/sopc_builder/bin -I /apps/Altera/15.0/quartus/../ip/altera/sopc_builder_ip/common -I /apps/Altera/15.0/quartus/../ip/altera/sopc_builder_ip/altera_avalon_new_sdram_controller -- /apps/Altera/15.0/quartus/../ip/altera/sopc_builder_ip/altera_avalon_new_sdram_controller/generate_rtl.pl --name=mysystem_SDRAM --dir=/tmp/alt6820_2497303585274313028.dir/0001_SDRAM_gen/ --quartus_dir=/apps/Altera/15.0/quartus --verilog --config=/tmp/alt6820_2497303585274313028.dir/0001_SDRAM_gen//mysystem_SDRAM_component_configuration.pl  --do_build_sim=0  ]
Info: SDRAM: Done RTL generation for module 'mysystem_SDRAM'
Info: SDRAM: "mysystem" instantiated altera_avalon_new_sdram_controller "SDRAM"
Info: hps_0: "Running  for module: hps_0"
Info: hps_0: HPS Main PLL counter settings: n = 0  m = 73
Info: hps_0: HPS peripherial PLL counter settings: n = 0  m = 39
Warning: hps_0: "Configuration/HPS-to-FPGA user 0 clock frequency" (desired_cfg_clk_mhz) requested 100.0 MHz, but only achieved 97.368421 MHz
Warning: hps_0: 1 or more output clock frequencies cannot be achieved precisely, consider revising desired output clock frequencies.
Warning: hps_0: set_interface_assignment: Interface "hps_io" does not exist
Info: hps_0: "mysystem" instantiated altera_hps "hps_0"
Info: jtag_uart_0: Starting RTL generation for module 'mysystem_jtag_uart_0'
Info: jtag_uart_0:   Generation command is [exec /apps/Altera/15.0/quartus/linux64/perl/bin/perl -I /apps/Altera/15.0/quartus/linux64/perl/lib -I /apps/Altera/15.0/quartus/sopc_builder/bin/europa -I /apps/Altera/15.0/quartus/sopc_builder/bin/perl_lib -I /apps/Altera/15.0/quartus/sopc_builder/bin -I /apps/Altera/15.0/quartus/../ip/altera/sopc_builder_ip/common -I /apps/Altera/15.0/quartus/../ip/altera/sopc_builder_ip/altera_avalon_jtag_uart -- /apps/Altera/15.0/quartus/../ip/altera/sopc_builder_ip/altera_avalon_jtag_uart/generate_rtl.pl --name=mysystem_jtag_uart_0 --dir=/tmp/alt6820_2497303585274313028.dir/0002_jtag_uart_0_gen/ --quartus_dir=/apps/Altera/15.0/quartus --verilog --config=/tmp/alt6820_2497303585274313028.dir/0002_jtag_uart_0_gen//mysystem_jtag_uart_0_component_configuration.pl  --do_build_sim=0  ]
Info: jtag_uart_0: Done RTL generation for module 'mysystem_jtag_uart_0'
Info: jtag_uart_0: "mysystem" instantiated altera_avalon_jtag_uart "jtag_uart_0"
Info: onchip_memory2_0: Starting RTL generation for module 'mysystem_onchip_memory2_0'
Info: onchip_memory2_0:   Generation command is [exec /apps/Altera/15.0/quartus/linux64/perl/bin/perl -I /apps/Altera/15.0/quartus/linux64/perl/lib -I /apps/Altera/15.0/quartus/sopc_builder/bin/europa -I /apps/Altera/15.0/quartus/sopc_builder/bin/perl_lib -I /apps/Altera/15.0/quartus/sopc_builder/bin -I /apps/Altera/15.0/quartus/../ip/altera/sopc_builder_ip/common -I /apps/Altera/15.0/quartus/../ip/altera/sopc_builder_ip/altera_avalon_onchip_memory2 -- /apps/Altera/15.0/quartus/../ip/altera/sopc_builder_ip/altera_avalon_onchip_memory2/generate_rtl.pl --name=mysystem_onchip_memory2_0 --dir=/tmp/alt6820_2497303585274313028.dir/0003_onchip_memory2_0_gen/ --quartus_dir=/apps/Altera/15.0/quartus --verilog --config=/tmp/alt6820_2497303585274313028.dir/0003_onchip_memory2_0_gen//mysystem_onchip_memory2_0_component_configuration.pl  --do_build_sim=0  ]
Info: onchip_memory2_0: Done RTL generation for module 'mysystem_onchip_memory2_0'
Info: onchip_memory2_0: "mysystem" instantiated altera_avalon_onchip_memory2 "onchip_memory2_0"
Info: pushbutton: Starting RTL generation for module 'mysystem_pushbutton'
Info: pushbutton:   Generation command is [exec /apps/Altera/15.0/quartus/linux64/perl/bin/perl -I /apps/Altera/15.0/quartus/linux64/perl/lib -I /apps/Altera/15.0/quartus/sopc_builder/bin/europa -I /apps/Altera/15.0/quartus/sopc_builder/bin/perl_lib -I /apps/Altera/15.0/quartus/sopc_builder/bin -I /apps/Altera/15.0/quartus/../ip/altera/sopc_builder_ip/common -I /apps/Altera/15.0/quartus/../ip/altera/sopc_builder_ip/altera_avalon_pio -- /apps/Altera/15.0/quartus/../ip/altera/sopc_builder_ip/altera_avalon_pio/generate_rtl.pl --name=mysystem_pushbutton --dir=/tmp/alt6820_2497303585274313028.dir/0004_pushbutton_gen/ --quartus_dir=/apps/Altera/15.0/quartus --verilog --config=/tmp/alt6820_2497303585274313028.dir/0004_pushbutton_gen//mysystem_pushbutton_component_configuration.pl  --do_build_sim=0  ]
Info: pushbutton: Done RTL generation for module 'mysystem_pushbutton'
Info: pushbutton: "mysystem" instantiated altera_avalon_pio "pushbutton"
Info: reg32_avalon_interface_0: "mysystem" instantiated reg32_avalon_interface "reg32_avalon_interface_0"
Info: sys_sdram_pll_0: "mysystem" instantiated altera_up_avalon_sys_sdram_pll "sys_sdram_pll_0"
Info: avalon_st_adapter: Inserting error_adapter: error_adapter_0
Info: avalon_st_adapter_001: Inserting error_adapter: error_adapter_0
Info: mm_interconnect_0: "mysystem" instantiated altera_mm_interconnect "mm_interconnect_0"
Info: avalon_st_adapter: Inserting error_adapter: error_adapter_0
Info: avalon_st_adapter_001: Inserting error_adapter: error_adapter_0
Info: avalon_st_adapter_002: Inserting error_adapter: error_adapter_0
Info: mm_interconnect_1: "mysystem" instantiated altera_mm_interconnect "mm_interconnect_1"
Info: irq_mapper: "mysystem" instantiated altera_irq_mapper "irq_mapper"
Info: irq_mapper_001: "mysystem" instantiated altera_irq_mapper "irq_mapper_001"
Info: rst_controller: "mysystem" instantiated altera_reset_controller "rst_controller"
Info: fpga_interfaces: "hps_0" instantiated altera_interface_generator "fpga_interfaces"
Info: hps_io: "hps_0" instantiated altera_hps_io "hps_io"
Info: sys_pll: "sys_sdram_pll_0" instantiated altera_pll "sys_pll"
Info: reset_from_locked: "sys_sdram_pll_0" instantiated altera_up_avalon_reset_from_locked_signal "reset_from_locked"
Info: onchip_memory2_0_s1_translator: "mm_interconnect_0" instantiated altera_merlin_slave_translator "onchip_memory2_0_s1_translator"
Info: hps_0_h2f_axi_master_agent: "mm_interconnect_0" instantiated altera_merlin_axi_master_ni "hps_0_h2f_axi_master_agent"
Info: onchip_memory2_0_s1_agent: "mm_interconnect_0" instantiated altera_merlin_slave_agent "onchip_memory2_0_s1_agent"
Info: onchip_memory2_0_s1_agent_rsp_fifo: "mm_interconnect_0" instantiated altera_avalon_sc_fifo "onchip_memory2_0_s1_agent_rsp_fifo"
Info: router: "mm_interconnect_0" instantiated altera_merlin_router "router"
Info: router_002: "mm_interconnect_0" instantiated altera_merlin_router "router_002"
Info: router_003: "mm_interconnect_0" instantiated altera_merlin_router "router_003"
Info: hps_0_h2f_axi_master_wr_limiter: "mm_interconnect_0" instantiated altera_merlin_traffic_limiter "hps_0_h2f_axi_master_wr_limiter"
Info: Reusing file /home/samink/Desktop/newffff/lab2.181/mysystem/synthesis/submodules/altera_avalon_sc_fifo.v
Info: onchip_memory2_0_s1_burst_adapter: "mm_interconnect_0" instantiated altera_merlin_burst_adapter "onchip_memory2_0_s1_burst_adapter"
Info: Reusing file /home/samink/Desktop/newffff/lab2.181/mysystem/synthesis/submodules/altera_merlin_address_alignment.sv
Info: Reusing file /home/samink/Desktop/newffff/lab2.181/mysystem/synthesis/submodules/altera_avalon_st_pipeline_base.v
Info: cmd_demux: "mm_interconnect_0" instantiated altera_merlin_demultiplexer "cmd_demux"
Info: cmd_mux: "mm_interconnect_0" instantiated altera_merlin_multiplexer "cmd_mux"
Info: rsp_demux: "mm_interconnect_0" instantiated altera_merlin_demultiplexer "rsp_demux"
Info: rsp_mux: "mm_interconnect_0" instantiated altera_merlin_multiplexer "rsp_mux"
Info: Reusing file /home/samink/Desktop/newffff/lab2.181/mysystem/synthesis/submodules/altera_merlin_arbitrator.sv
Info: onchip_memory2_0_s1_rsp_width_adapter: "mm_interconnect_0" instantiated altera_merlin_width_adapter "onchip_memory2_0_s1_rsp_width_adapter"
Info: Reusing file /home/samink/Desktop/newffff/lab2.181/mysystem/synthesis/submodules/altera_merlin_address_alignment.sv
Info: Reusing file /home/samink/Desktop/newffff/lab2.181/mysystem/synthesis/submodules/altera_merlin_burst_uncompressor.sv
Info: avalon_st_adapter: "mm_interconnect_0" instantiated altera_avalon_st_adapter "avalon_st_adapter"
Info: avalon_st_adapter_001: "mm_interconnect_0" instantiated altera_avalon_st_adapter "avalon_st_adapter_001"
Info: router: "mm_interconnect_1" instantiated altera_merlin_router "router"
Info: router_002: "mm_interconnect_1" instantiated altera_merlin_router "router_002"
Info: cmd_demux: "mm_interconnect_1" instantiated altera_merlin_demultiplexer "cmd_demux"
Info: cmd_mux: "mm_interconnect_1" instantiated altera_merlin_multiplexer "cmd_mux"
Info: Reusing file /home/samink/Desktop/newffff/lab2.181/mysystem/synthesis/submodules/altera_merlin_arbitrator.sv
Info: rsp_demux: "mm_interconnect_1" instantiated altera_merlin_demultiplexer "rsp_demux"
Info: rsp_mux: "mm_interconnect_1" instantiated altera_merlin_multiplexer "rsp_mux"
Info: Reusing file /home/samink/Desktop/newffff/lab2.181/mysystem/synthesis/submodules/altera_merlin_arbitrator.sv
Info: border: "hps_io" instantiated altera_interface_generator "border"
Info: error_adapter_0: "avalon_st_adapter" instantiated error_adapter "error_adapter_0"
Info: error_adapter_0: "avalon_st_adapter_001" instantiated error_adapter "error_adapter_0"
Info: mysystem: Done "mysystem" with 42 modules, 101 files
Info: ip-generate succeeded.
Info: Finished: Create HDL design files for synthesis
